Arguments: 
  C:\Program Files\nodejs\node.exe C:\Program Files (x86)\Yarn\bin\yarn.js add react-native-webview

PATH: 
  C:\Users\yoon1\OneDrive\Code Files\CS506\CS506-Spike\node_modules\.bin;C:\Python27\;C:\Python27\Scripts;C:\WINDOWS\system32;C:\WINDOWS;C:\WINDOWS\System32\Wbem;C:\WINDOWS\System32\WindowsPowerShell\v1.0\;C:\WINDOWS\System32\OpenSSH\;C:\Program Files\Git\cmd;C:\ProgramData\chocolatey\bin;C:\Program Files\nodejs\;C:\Program Files\Java\jdk1.8.0_211\bin;C:\Program Files (x86)\Yarn\bin\;C:\Users\yoon1\AppData\Local\Programs\Python\Python38-32\Scripts\;C:\Users\yoon1\AppData\Local\Programs\Python\Python38-32\;C:\Users\yoon1\AppData\Local\Microsoft\WindowsApps;;C:\Users\yoon1\AppData\Local\Programs\Microsoft VS Code\bin;C:\Program Files\JetBrains\PyCharm 2019.3.1\bin;;C:\Users\yoon1\AppData\Roaming\npm;C:\Users\yoon1\AppData\Local\Yarn\bin;C:\Program Files\JetBrains\WebStorm 2019.3.3\bin;

Yarn version: 
  1.22.0

Node version: 
  13.7.0

Platform: 
  win32 x64

Trace: 
  Error: EPERM: operation not permitted, unlink 'C:\Users\yoon1\OneDrive\Code Files\CS506\CS506-Spike\node_modules\react-native-screens\src'

npm manifest: 
  {
    "main": "node_modules/expo/AppEntry.js",
    "scripts": {
      "start": "expo start",
      "android": "expo start --android",
      "ios": "expo start --ios",
      "web": "expo start --web",
      "eject": "expo eject"
    },
    "dependencies": {
      "@expo/vector-icons": "^10.0.6",
      "expo": "^35.0.0",
      "moment": "^2.24.0",
      "nodejs-mobile-react-native": "^0.5.0",
      "react": "16.8.3",
      "react-dom": "16.8.3",
      "react-native": "https://github.com/expo/react-native/archive/sdk-35.0.0.tar.gz",
      "react-native-base64": "0.0.2",
      "react-native-datepicker": "^1.7.2",
      "react-native-elements": "^1.2.7",
      "react-native-gesture-handler": "~1.3.0",
      "react-native-paper": "^3.2.1",
      "react-native-reanimated": "^1.2.0",
      "react-native-svg-charts": "^5.3.0",
      "react-native-ui-xg": "0.0.6",
      "react-native-vector-icons": "^6.6.0",
      "react-native-web": "^0.11.7",
      "react-navigation": "^4.0.10",
      "react-navigation-drawer": "^2.3.3"
    },
    "devDependencies": {
      "babel-preset-expo": "^7.1.0",
      "react-navigation-stack": "^1.10.3",
      "react-navigation-tabs": "^2.5.6"
    },
    "private": true
  }

yarn manifest: 
  No manifest

Lockfile: 
  No lockfile
